24/11/07 12:57:08 INFO SparkContext: Running Spark version 3.3.1
24/11/07 12:57:08 WARN NativeCodeLoader: Unable to load native-hadoop library for your platform... using builtin-java classes where applicable
24/11/07 12:57:08 INFO ResourceUtils: ==============================================================
24/11/07 12:57:08 INFO ResourceUtils: No custom resources configured for spark.driver.
24/11/07 12:57:08 INFO ResourceUtils: ==============================================================
24/11/07 12:57:08 INFO SparkContext: Submitted application: Word Count
24/11/07 12:57:09 INFO ResourceProfile: Default ResourceProfile created, executor resources: Map(cores -> name: cores, amount: 2, script: , vendor: , memory -> name: memory, amount: 4096, script: , vendor: , offHeap -> name: offHeap, amount: 0, script: , vendor: ), task resources: Map(cpus -> name: cpus, amount: 1.0)
24/11/07 12:57:09 INFO ResourceProfile: Limiting resource is cpus at 2 tasks per executor
24/11/07 12:57:09 INFO ResourceProfileManager: Added ResourceProfile id: 0
24/11/07 12:57:09 INFO SecurityManager: Changing view acls to: ubuntu
24/11/07 12:57:09 INFO SecurityManager: Changing modify acls to: ubuntu
24/11/07 12:57:09 INFO SecurityManager: Changing view acls groups to: 
24/11/07 12:57:09 INFO SecurityManager: Changing modify acls groups to: 
24/11/07 12:57:09 INFO SecurityManager: SecurityManager: authentication disabled; ui acls disabled; users  with view permissions: Set(ubuntu); groups with view permissions: Set(); users  with modify permissions: Set(ubuntu); groups with modify permissions: Set()
24/11/07 12:57:09 INFO Utils: Successfully started service 'sparkDriver' on port 46007.
24/11/07 12:57:09 INFO SparkEnv: Registering MapOutputTracker
24/11/07 12:57:09 INFO SparkEnv: Registering BlockManagerMaster
24/11/07 12:57:09 INFO BlockManagerMasterEndpoint: Using org.apache.spark.storage.DefaultTopologyMapper for getting topology information
24/11/07 12:57:09 INFO BlockManagerMasterEndpoint: BlockManagerMasterEndpoint up
24/11/07 12:57:09 INFO SparkEnv: Registering BlockManagerMasterHeartbeat
24/11/07 12:57:09 INFO DiskBlockManager: Created local directory at /tmp/blockmgr-2dfc869d-7a10-49f9-b3bd-64c059788fd6
24/11/07 12:57:09 INFO MemoryStore: MemoryStore started with capacity 2004.6 MiB
24/11/07 12:57:09 INFO SparkEnv: Registering OutputCommitCoordinator
24/11/07 12:57:10 INFO Utils: Successfully started service 'SparkUI' on port 4040.
24/11/07 12:57:10 INFO StandaloneAppClient$ClientEndpoint: Connecting to master spark://172.31.8.158:7077...
24/11/07 12:57:10 INFO TransportClientFactory: Successfully created connection to /172.31.8.158:7077 after 63 ms (0 ms spent in bootstraps)
24/11/07 12:57:11 INFO StandaloneSchedulerBackend: Connected to Spark cluster with app ID app-20241107125711-0003
24/11/07 12:57:11 INFO StandaloneAppClient$ClientEndpoint: Executor added: app-20241107125711-0003/0 on worker-20241107123647-172.31.0.4-33675 (172.31.0.4:33675) with 2 core(s)
24/11/07 12:57:11 INFO StandaloneSchedulerBackend: Granted executor ID app-20241107125711-0003/0 on hostPort 172.31.0.4:33675 with 2 core(s), 4.0 GiB RAM
24/11/07 12:57:11 INFO Utils: Successfully started service 'org.apache.spark.network.netty.NettyBlockTransferService' on port 44185.
24/11/07 12:57:11 INFO NettyBlockTransferService: Server created on ip-172-31-8-158.ec2.internal:44185
24/11/07 12:57:11 INFO StandaloneAppClient$ClientEndpoint: Executor added: app-20241107125711-0003/1 on worker-20241107123650-172.31.8.158-33127 (172.31.8.158:33127) with 2 core(s)
24/11/07 12:57:11 INFO StandaloneSchedulerBackend: Granted executor ID app-20241107125711-0003/1 on hostPort 172.31.8.158:33127 with 2 core(s), 4.0 GiB RAM
24/11/07 12:57:11 INFO BlockManager: Using org.apache.spark.storage.RandomBlockReplicationPolicy for block replication policy
24/11/07 12:57:11 INFO BlockManagerMaster: Registering BlockManager BlockManagerId(driver, ip-172-31-8-158.ec2.internal, 44185, None)
24/11/07 12:57:11 INFO StandaloneAppClient$ClientEndpoint: Executor updated: app-20241107125711-0003/0 is now RUNNING
24/11/07 12:57:11 INFO BlockManagerMasterEndpoint: Registering block manager ip-172-31-8-158.ec2.internal:44185 with 2004.6 MiB RAM, BlockManagerId(driver, ip-172-31-8-158.ec2.internal, 44185, None)
24/11/07 12:57:11 INFO StandaloneAppClient$ClientEndpoint: Executor updated: app-20241107125711-0003/1 is now RUNNING
24/11/07 12:57:11 INFO BlockManagerMaster: Registered BlockManager BlockManagerId(driver, ip-172-31-8-158.ec2.internal, 44185, None)
24/11/07 12:57:11 INFO BlockManager: Initialized BlockManager: BlockManagerId(driver, ip-172-31-8-158.ec2.internal, 44185, None)
24/11/07 12:57:12 INFO StandaloneSchedulerBackend: SchedulerBackend is ready for scheduling beginning after reached minRegisteredResourcesRatio: 0.0
24/11/07 12:57:13 INFO SharedState: Setting hive.metastore.warehouse.dir ('null') to the value of spark.sql.warehouse.dir.
24/11/07 12:57:13 INFO SharedState: Warehouse path is 'file:/home/ubuntu/spark-warehouse'.
24/11/07 12:57:15 INFO CoarseGrainedSchedulerBackend$DriverEndpoint: Registered executor NettyRpcEndpointRef(spark-client://Executor) (172.31.0.4:52934) with ID 0,  ResourceProfileId 0
24/11/07 12:57:15 INFO BlockManagerMasterEndpoint: Registering block manager 172.31.0.4:35407 with 2004.6 MiB RAM, BlockManagerId(0, 172.31.0.4, 35407, None)
24/11/07 12:57:18 INFO InMemoryFileIndex: It took 264 ms to list leaf files for 1 paths.
24/11/07 12:57:19 INFO CoarseGrainedSchedulerBackend$DriverEndpoint: Registered executor NettyRpcEndpointRef(spark-client://Executor) (172.31.8.158:34280) with ID 1,  ResourceProfileId 0
24/11/07 12:57:19 INFO BlockManagerMasterEndpoint: Registering block manager 172.31.8.158:35883 with 2004.6 MiB RAM, BlockManagerId(1, 172.31.8.158, 35883, None)
24/11/07 12:57:24 INFO FileSourceStrategy: Pushed Filters: 
24/11/07 12:57:24 INFO FileSourceStrategy: Post-Scan Filters: (size(split(value#0, \s+, -1), true) > 0),isnotnull(split(value#0, \s+, -1))
24/11/07 12:57:24 INFO FileSourceStrategy: Output Data Schema: struct<value: string>
24/11/07 12:57:24 INFO FileOutputCommitter: File Output Committer Algorithm version is 1
24/11/07 12:57:24 INFO FileOutputCommitter: FileOutputCommitter skip cleanup _temporary folders under output directory:false, ignore cleanup failures: false
24/11/07 12:57:24 INFO SQLHadoopMapReduceCommitProtocol: Using output committer class org.apache.hadoop.mapreduce.lib.output.FileOutputCommitter
24/11/07 12:57:25 INFO CodeGenerator: Code generated in 431.773806 ms
24/11/07 12:57:25 INFO MemoryStore: Block broadcast_0 stored as values in memory (estimated size 353.6 KiB, free 2004.3 MiB)
24/11/07 12:57:25 INFO MemoryStore: Block broadcast_0_piece0 stored as bytes in memory (estimated size 34.0 KiB, free 2004.2 MiB)
24/11/07 12:57:25 INFO BlockManagerInfo: Added broadcast_0_piece0 in memory on ip-172-31-8-158.ec2.internal:44185 (size: 34.0 KiB, free: 2004.6 MiB)
24/11/07 12:57:25 INFO SparkContext: Created broadcast 0 from csv at NativeMethodAccessorImpl.java:0
24/11/07 12:57:25 INFO FileSourceScanExec: Planning scan with bin packing, max size: 4194304 bytes, open cost is considered as scanning 4194304 bytes.
24/11/07 12:57:26 INFO DAGScheduler: Registering RDD 3 (csv at NativeMethodAccessorImpl.java:0) as input to shuffle 0
24/11/07 12:57:26 INFO DAGScheduler: Got map stage job 0 (csv at NativeMethodAccessorImpl.java:0) with 1 output partitions
24/11/07 12:57:26 INFO DAGScheduler: Final stage: ShuffleMapStage 0 (csv at NativeMethodAccessorImpl.java:0)
24/11/07 12:57:26 INFO DAGScheduler: Parents of final stage: List()
24/11/07 12:57:26 INFO DAGScheduler: Missing parents: List()
24/11/07 12:57:26 INFO DAGScheduler: Submitting ShuffleMapStage 0 (MapPartitionsRDD[3] at csv at NativeMethodAccessorImpl.java:0), which has no missing parents
24/11/07 12:57:26 INFO MemoryStore: Block broadcast_1 stored as values in memory (estimated size 39.7 KiB, free 2004.2 MiB)
24/11/07 12:57:26 INFO MemoryStore: Block broadcast_1_piece0 stored as bytes in memory (estimated size 18.1 KiB, free 2004.2 MiB)
24/11/07 12:57:26 INFO BlockManagerInfo: Added broadcast_1_piece0 in memory on ip-172-31-8-158.ec2.internal:44185 (size: 18.1 KiB, free: 2004.5 MiB)
24/11/07 12:57:26 INFO SparkContext: Created broadcast 1 from broadcast at DAGScheduler.scala:1513
24/11/07 12:57:26 INFO DAGScheduler: Submitting 1 missing tasks from ShuffleMapStage 0 (MapPartitionsRDD[3] at csv at NativeMethodAccessorImpl.java:0) (first 15 tasks are for partitions Vector(0))
24/11/07 12:57:26 INFO TaskSchedulerImpl: Adding task set 0.0 with 1 tasks resource profile 0
24/11/07 12:57:26 INFO TaskSetManager: Starting task 0.0 in stage 0.0 (TID 0) (172.31.0.4, executor 0, partition 0, ANY, 4902 bytes) taskResourceAssignments Map()
24/11/07 12:57:27 INFO BlockManagerInfo: Added broadcast_1_piece0 in memory on 172.31.0.4:35407 (size: 18.1 KiB, free: 2004.6 MiB)
24/11/07 12:57:29 INFO BlockManagerInfo: Added broadcast_0_piece0 in memory on 172.31.0.4:35407 (size: 34.0 KiB, free: 2004.5 MiB)
24/11/07 12:57:30 INFO TaskSetManager: Finished task 0.0 in stage 0.0 (TID 0) in 4332 ms on 172.31.0.4 (executor 0) (1/1)
24/11/07 12:57:30 INFO TaskSchedulerImpl: Removed TaskSet 0.0, whose tasks have all completed, from pool 
24/11/07 12:57:30 INFO DAGScheduler: ShuffleMapStage 0 (csv at NativeMethodAccessorImpl.java:0) finished in 4.473 s
24/11/07 12:57:30 INFO DAGScheduler: looking for newly runnable stages
24/11/07 12:57:30 INFO DAGScheduler: running: Set()
24/11/07 12:57:30 INFO DAGScheduler: waiting: Set()
24/11/07 12:57:30 INFO DAGScheduler: failed: Set()
24/11/07 12:57:30 INFO ShufflePartitionsUtil: For shuffle(0), advisory target size: 67108864, actual target size 1048576, minimum partition size: 1048576
24/11/07 12:57:30 INFO HashAggregateExec: spark.sql.codegen.aggregate.map.twolevel.enabled is set to true, but current version of codegened fast hashmap does not support this aggregate.
24/11/07 12:57:31 INFO CodeGenerator: Code generated in 52.532684 ms
24/11/07 12:57:31 INFO SparkContext: Starting job: csv at NativeMethodAccessorImpl.java:0
24/11/07 12:57:31 INFO DAGScheduler: Got job 1 (csv at NativeMethodAccessorImpl.java:0) with 1 output partitions
24/11/07 12:57:31 INFO DAGScheduler: Final stage: ResultStage 2 (csv at NativeMethodAccessorImpl.java:0)
24/11/07 12:57:31 INFO DAGScheduler: Parents of final stage: List(ShuffleMapStage 1)
24/11/07 12:57:31 INFO DAGScheduler: Missing parents: List()
24/11/07 12:57:31 INFO DAGScheduler: Submitting ResultStage 2 (MapPartitionsRDD[5] at csv at NativeMethodAccessorImpl.java:0), which has no missing parents
24/11/07 12:57:31 INFO MemoryStore: Block broadcast_2 stored as values in memory (estimated size 236.8 KiB, free 2003.9 MiB)
24/11/07 12:57:31 INFO MemoryStore: Block broadcast_2_piece0 stored as bytes in memory (estimated size 87.8 KiB, free 2003.8 MiB)
24/11/07 12:57:31 INFO BlockManagerInfo: Added broadcast_2_piece0 in memory on ip-172-31-8-158.ec2.internal:44185 (size: 87.8 KiB, free: 2004.5 MiB)
24/11/07 12:57:31 INFO SparkContext: Created broadcast 2 from broadcast at DAGScheduler.scala:1513
24/11/07 12:57:31 INFO DAGScheduler: Submitting 1 missing tasks from ResultStage 2 (MapPartitionsRDD[5] at csv at NativeMethodAccessorImpl.java:0) (first 15 tasks are for partitions Vector(0))
24/11/07 12:57:31 INFO TaskSchedulerImpl: Adding task set 2.0 with 1 tasks resource profile 0
24/11/07 12:57:31 INFO TaskSetManager: Starting task 0.0 in stage 2.0 (TID 1) (172.31.0.4, executor 0, partition 0, NODE_LOCAL, 4457 bytes) taskResourceAssignments Map()
24/11/07 12:57:31 INFO BlockManagerInfo: Added broadcast_2_piece0 in memory on 172.31.0.4:35407 (size: 87.8 KiB, free: 2004.5 MiB)
24/11/07 12:57:31 INFO MapOutputTrackerMasterEndpoint: Asked to send map output locations for shuffle 0 to 172.31.0.4:52934
24/11/07 12:57:32 INFO TaskSetManager: Finished task 0.0 in stage 2.0 (TID 1) in 834 ms on 172.31.0.4 (executor 0) (1/1)
24/11/07 12:57:32 INFO TaskSchedulerImpl: Removed TaskSet 2.0, whose tasks have all completed, from pool 
24/11/07 12:57:32 INFO DAGScheduler: ResultStage 2 (csv at NativeMethodAccessorImpl.java:0) finished in 0.893 s
24/11/07 12:57:32 INFO DAGScheduler: Job 1 is finished. Cancelling potential speculative or zombie tasks for this job
24/11/07 12:57:32 INFO TaskSchedulerImpl: Killing all running tasks in stage 2: Stage finished
24/11/07 12:57:32 INFO DAGScheduler: Job 1 finished: csv at NativeMethodAccessorImpl.java:0, took 0.936266 s
24/11/07 12:57:32 INFO FileFormatWriter: Start to commit write Job 967f4d5a-b472-4cfb-a042-499d98468a78.
24/11/07 12:57:32 INFO FileFormatWriter: Write Job 967f4d5a-b472-4cfb-a042-499d98468a78 committed. Elapsed time: 109 ms.
24/11/07 12:57:32 INFO FileFormatWriter: Finished processing stats for write job 967f4d5a-b472-4cfb-a042-499d98468a78.
24/11/07 12:57:32 INFO SparkUI: Stopped Spark web UI at http://ip-172-31-8-158.ec2.internal:4040
24/11/07 12:57:32 INFO StandaloneSchedulerBackend: Shutting down all executors
24/11/07 12:57:32 INFO CoarseGrainedSchedulerBackend$DriverEndpoint: Asking each executor to shut down
24/11/07 12:57:32 INFO MapOutputTrackerMasterEndpoint: MapOutputTrackerMasterEndpoint stopped!
24/11/07 12:57:32 INFO MemoryStore: MemoryStore cleared
24/11/07 12:57:32 INFO BlockManager: BlockManager stopped
24/11/07 12:57:32 INFO BlockManagerMaster: BlockManagerMaster stopped
24/11/07 12:57:32 INFO OutputCommitCoordinator$OutputCommitCoordinatorEndpoint: OutputCommitCoordinator stopped!
24/11/07 12:57:32 INFO SparkContext: Successfully stopped SparkContext
24/11/07 12:57:33 INFO ShutdownHookManager: Shutdown hook called
24/11/07 12:57:33 INFO ShutdownHookManager: Deleting directory /tmp/spark-31174768-1040-490e-bcc5-52982313765b
24/11/07 12:57:33 INFO ShutdownHookManager: Deleting directory /tmp/spark-21e4b38e-ddc7-4d31-b97b-377265c4a4ff
24/11/07 12:57:33 INFO ShutdownHookManager: Deleting directory /tmp/spark-21e4b38e-ddc7-4d31-b97b-377265c4a4ff/pyspark-5cd18428-267b-4dbe-ae21-4f9208518461
