=== Benchmarking t3.medium (ubuntu@3.85.184.103) ===
> Benchmarking CPU
+ sysbench --threads=4 --cpu-max-prime=20000 cpu run
sysbench 1.0.20 (using system LuaJIT 2.1.0-beta3)

Running the test with following options:
Number of threads: 4
Initializing random number generator from current time


Prime numbers limit: 20000

Initializing worker threads...

Threads started!

CPU speed:
    events per second:   571.28

General statistics:
    total time:                          10.0042s
    total number of events:              5716

Latency (ms):
         min:                                    3.00
         avg:                                    6.99
         max:                                   31.67
         95th percentile:                       10.46
         sum:                                39977.62

Threads fairness:
    events (avg/stddev):           1429.0000/9.82
    execution time (avg/stddev):   9.9944/0.00

> Benchmarking Memory
+ sysbench --threads=4 --memory-total-size=10G memory run
sysbench 1.0.20 (using system LuaJIT 2.1.0-beta3)

Running the test with following options:
Number of threads: 4
Initializing random number generator from current time


Running memory speed test with the following options:
  block size: 1KiB
  total size: 10240MiB
  operation: write
  scope: global

Initializing worker threads...

Threads started!

Total operations: 10485760 (5927092.30 per second)

10240.00 MiB transferred (5788.18 MiB/sec)


General statistics:
    total time:                          1.7675s
    total number of events:              10485760

Latency (ms):
         min:                                    0.00
         avg:                                    0.00
         max:                                   34.17
         95th percentile:                        0.00
         sum:                                 3898.70

Threads fairness:
    events (avg/stddev):           2621440.0000/0.00
    execution time (avg/stddev):   0.9747/0.03

=== Benchmarking m5.large (ubuntu@18.208.214.238) ===
> Benchmarking CPU
+ sysbench --threads=4 --cpu-max-prime=20000 cpu run
sysbench 1.0.20 (using system LuaJIT 2.1.0-beta3)

Running the test with following options:
Number of threads: 4
Initializing random number generator from current time


Prime numbers limit: 20000

Initializing worker threads...

Threads started!

CPU speed:
    events per second:   642.29

General statistics:
    total time:                          10.0032s
    total number of events:              6426

Latency (ms):
         min:                                    3.09
         avg:                                    6.23
         max:                                   11.13
         95th percentile:                        7.17
         sum:                                40004.21

Threads fairness:
    events (avg/stddev):           1606.5000/13.72
    execution time (avg/stddev):   10.0011/0.00

> Benchmarking Memory
+ sysbench --threads=4 --memory-total-size=10G memory run
sysbench 1.0.20 (using system LuaJIT 2.1.0-beta3)

Running the test with following options:
Number of threads: 4
Initializing random number generator from current time


Running memory speed test with the following options:
  block size: 1KiB
  total size: 10240MiB
  operation: write
  scope: global

Initializing worker threads...

Threads started!

Total operations: 10485760 (7076502.00 per second)

10240.00 MiB transferred (6910.65 MiB/sec)


General statistics:
    total time:                          1.4801s
    total number of events:              10485760

Latency (ms):
         min:                                    0.00
         avg:                                    0.00
         max:                                    6.01
         95th percentile:                        0.00
         sum:                                 3245.97

Threads fairness:
    events (avg/stddev):           2621440.0000/0.00
    execution time (avg/stddev):   0.8115/0.02

=== Benchmarking c5d.large (ubuntu@54.89.227.254) ===
> Benchmarking CPU
+ sysbench --threads=4 --cpu-max-prime=20000 cpu run
sysbench 1.0.20 (using system LuaJIT 2.1.0-beta3)

Running the test with following options:
Number of threads: 4
Initializing random number generator from current time


Prime numbers limit: 20000

Initializing worker threads...

Threads started!

CPU speed:
    events per second:   747.78

General statistics:
    total time:                          10.0041s
    total number of events:              7482

Latency (ms):
         min:                                    2.65
         avg:                                    5.35
         max:                                   10.71
         95th percentile:                        6.67
         sum:                                40004.62

Threads fairness:
    events (avg/stddev):           1870.5000/9.55
    execution time (avg/stddev):   10.0012/0.00

> Benchmarking Memory
+ sysbench --threads=4 --memory-total-size=10G memory run
sysbench 1.0.20 (using system LuaJIT 2.1.0-beta3)

Running the test with following options:
Number of threads: 4
Initializing random number generator from current time


Running memory speed test with the following options:
  block size: 1KiB
  total size: 10240MiB
  operation: write
  scope: global

Initializing worker threads...

Threads started!

Total operations: 10485760 (8153861.46 per second)

10240.00 MiB transferred (7962.76 MiB/sec)


General statistics:
    total time:                          1.2845s
    total number of events:              10485760

Latency (ms):
         min:                                    0.00
         avg:                                    0.00
         max:                                    4.01
         95th percentile:                        0.00
         sum:                                 2883.95

Threads fairness:
    events (avg/stddev):           2621440.0000/0.00
    execution time (avg/stddev):   0.7210/0.02

